<?xml version="1.0" encoding="UTF-8"?><testsuite errors="0" failures="1" name="Como un usuario" skipped="0" tests="1" time="53.63" timestamp="2020-01-17 12:53:58"><testcase name="Registro de usuario exitoso"><failure message="The following error occurred: Expected enabled element was not enabled" type="net.thucydides.core.webdriver.exceptions.ElementShouldBeEnabledException">The following error occurred: Expected enabled element was not enabled</failure><system-err>The following error occurred: Expected enabled element was not enabled&#13;
co.com.proyectobase.screenplay.tasks.Registrar.performAs(Registrar.java:55)&#13;
co.com.proyectobase.screenplay.stepdefinitions.TutorialNinjaStepDefinitions.elSeRegistraPorPrimeraVezParaPoderComprar(TutorialNinjaStepDefinitions.java:46)&#13;
cucumber.runner.Runner.runPickle(Runner.java:80)&#13;
org.eclipse.jdt.internal.junit4.runner.JUnit4TestReference.run(JUnit4TestReference.java:89)&#13;
org.eclipse.jdt.internal.junit.runner.TestExecution.run(TestExecution.java:41)&#13;
org.eclipse.jdt.internal.junit.runner.RemoteTestRunner.runTests(RemoteTestRunner.java:541)&#13;
org.eclipse.jdt.internal.junit.runner.RemoteTestRunner.runTests(RemoteTestRunner.java:763)&#13;
org.eclipse.jdt.internal.junit.runner.RemoteTestRunner.run(RemoteTestRunner.java:463)&#13;
org.eclipse.jdt.internal.junit.runner.RemoteTestRunner.main(RemoteTestRunner.java:209)&#13;
</system-err></testcase></testsuite>